<?xml version="1.0" encoding="UTF-8"?>
<testsuite name="Cucumber" time="162.238" tests="6" skipped="0" failures="1" errors="0">
<testcase classname="To test the flight functionality to book flight ticket" name="To validate one way option with search button - Example #1.1" time="33.031">
<failure type="org.openqa.selenium.NoSuchElementException" message="no such element: Unable to locate element: {&quot;method&quot;:&quot;xpath&quot;,&quot;selector&quot;:&quot;//p[@class=&quot;font24 blackFont whiteText appendBottom20 journey-title makeFlex spaceBetween bottom&quot;]&quot;}
  (Session info: MicrosoftEdge=123.0.2420.97)
For documentation on this error, please visit: https://www.selenium.dev/documentation/webdriver/troubleshooting/errors#no-such-element-exception
Build info: version: '4.18.1', revision: 'b1d3319b48'
System info: os.name: 'Windows 11', os.arch: 'amd64', os.version: '10.0', java.version: '17.0.9'
Driver info: org.openqa.selenium.edge.EdgeDriver
Command: [3f7451b124a50b1fce7cd3ff052b4a93, findElement {using=xpath, value=//p[@class=&quot;font24 blackFont whiteText appendBottom20 journey-title makeFlex spaceBetween bottom&quot;]}]
Capabilities {acceptInsecureCerts: false, browserName: MicrosoftEdge, browserVersion: 123.0.2420.97, fedcm:accounts: true, ms:edgeOptions: {debuggerAddress: localhost:60813}, msedge: {msedgedriverVersion: 123.0.2420.97 (ba5f45140663..., userDataDir: C:\Windows\SystemTemp\scope...}, networkConnectionEnabled: false, pageLoadStrategy: normal, platformName: windows, proxy: Proxy(), se:cdp: ws://localhost:60813/devtoo..., se:cdpVersion: 123.0.2420.97, setWindowRect: true, strictFileInteractability: false, timeouts: {implicit: 0, pageLoad: 300000, script: 30000}, unhandledPromptBehavior: dismiss and notify, webauthn:extension:credBlob: true, webauthn:extension:largeBlob: true, webauthn:extension:minPinLength: true, webauthn:extension:prf: true, webauthn:virtualAuthenticators: true}
Session ID: 3f7451b124a50b1fce7cd3ff052b4a93">
<![CDATA[org.openqa.selenium.NoSuchElementException: no such element: Unable to locate element: {"method":"xpath","selector":"//p[@class="font24 blackFont whiteText appendBottom20 journey-title makeFlex spaceBetween bottom"]"}
  (Session info: MicrosoftEdge=123.0.2420.97)
For documentation on this error, please visit: https://www.selenium.dev/documentation/webdriver/troubleshooting/errors#no-such-element-exception
Build info: version: '4.18.1', revision: 'b1d3319b48'
System info: os.name: 'Windows 11', os.arch: 'amd64', os.version: '10.0', java.version: '17.0.9'
Driver info: org.openqa.selenium.edge.EdgeDriver
Command: [3f7451b124a50b1fce7cd3ff052b4a93, findElement {using=xpath, value=//p[@class="font24 blackFont whiteText appendBottom20 journey-title makeFlex spaceBetween bottom"]}]
Capabilities {acceptInsecureCerts: false, browserName: MicrosoftEdge, browserVersion: 123.0.2420.97, fedcm:accounts: true, ms:edgeOptions: {debuggerAddress: localhost:60813}, msedge: {msedgedriverVersion: 123.0.2420.97 (ba5f45140663..., userDataDir: C:\Windows\SystemTemp\scope...}, networkConnectionEnabled: false, pageLoadStrategy: normal, platformName: windows, proxy: Proxy(), se:cdp: ws://localhost:60813/devtoo..., se:cdpVersion: 123.0.2420.97, setWindowRect: true, strictFileInteractability: false, timeouts: {implicit: 0, pageLoad: 300000, script: 30000}, unhandledPromptBehavior: dismiss and notify, webauthn:extension:credBlob: true, webauthn:extension:largeBlob: true, webauthn:extension:minPinLength: true, webauthn:extension:prf: true, webauthn:virtualAuthenticators: true}
Session ID: 3f7451b124a50b1fce7cd3ff052b4a93
	at java.base/jdk.internal.reflect.NativeConstructorAccessorImpl.newInstance0(Native Method)
	at java.base/jdk.internal.reflect.NativeConstructorAccessorImpl.newInstance(NativeConstructorAccessorImpl.java:77)
	at java.base/jdk.internal.reflect.DelegatingConstructorAccessorImpl.newInstance(DelegatingConstructorAccessorImpl.java:45)
	at java.base/java.lang.reflect.Constructor.newInstanceWithCaller(Constructor.java:499)
	at java.base/java.lang.reflect.Constructor.newInstance(Constructor.java:480)
	at org.openqa.selenium.remote.ErrorCodec.decode(ErrorCodec.java:167)
	at org.openqa.selenium.remote.codec.w3c.W3CHttpResponseCodec.decode(W3CHttpResponseCodec.java:138)
	at org.openqa.selenium.remote.codec.w3c.W3CHttpResponseCodec.decode(W3CHttpResponseCodec.java:50)
	at org.openqa.selenium.remote.HttpCommandExecutor.execute(HttpCommandExecutor.java:190)
	at org.openqa.selenium.remote.service.DriverCommandExecutor.invokeExecute(DriverCommandExecutor.java:216)
	at org.openqa.selenium.remote.service.DriverCommandExecutor.execute(DriverCommandExecutor.java:174)
	at org.openqa.selenium.remote.RemoteWebDriver.execute(RemoteWebDriver.java:519)
	at org.openqa.selenium.remote.ElementLocation$ElementFinder$2.findElement(ElementLocation.java:165)
	at org.openqa.selenium.remote.ElementLocation.findElement(ElementLocation.java:59)
	at org.openqa.selenium.remote.RemoteWebDriver.findElement(RemoteWebDriver.java:356)
	at org.openqa.selenium.remote.RemoteWebDriver.findElement(RemoteWebDriver.java:350)
	at org.openqa.selenium.support.pagefactory.DefaultElementLocator.findElement(DefaultElementLocator.java:68)
	at org.openqa.selenium.support.pagefactory.internal.LocatingElementHandler.invoke(LocatingElementHandler.java:38)
	at jdk.proxy2/jdk.proxy2.$Proxy29.getText(Unknown Source)
	at Page.Pagefactoryflight.Landingpage(Pagefactoryflight.java:247)
	at StepDefinition.StepDefination.flights_from_source_to_destination(StepDefination.java:70)
	at âœ½.flights from source to destination(file:///C:/Users/RJAWADWA/Desktop/Sprint/flight/src/test/resource/Features/MMT_Flight.feature:11)
]]>
</failure>
<system-out><![CDATA[
Given User is on homepage...................................................passed
When User enter value in  "Indore" ,"Bengalore","24" and "3"................passed
And click on search.........................................................passed
Then flights from source to destination.....................................failed
]]></system-out>
</testcase>
<testcase classname="To test the flight functionality to book flight ticket" name="To validate error message appear if we enter same value in from and to - Example #1.1" time="25.27">
<system-out><![CDATA[
Given User is on homepage...................................................passed
When User enter value in  "Indore" and "Indore".............................passed
Then "<error>" message should be displayed..................................passed
]]></system-out>
</testcase>
<testcase classname="To test the flight functionality to book flight ticket" name="To validate Homestays &amp; villa option - Example #1.1" time="23.885">
<system-out><![CDATA[
Given User is on homepage...................................................passed
When User enter value in  "Indore","26 April 2024" ,"3 March2024", "<guest>","<price>".passed
And click searchbutton to get result........................................passed
Then search result should appear............................................passed
]]></system-out>
</testcase>
<testcase classname="To test the flight functionality to book flight ticket" name="To validate search functionality" time="32.525">
<system-out><![CDATA[
Given User is on homepage...................................................passed
When User enter value in  from,to,return,guest,price........................passed
And by clicking on search result appear.....................................passed
And in searchbar user enters the near by location...........................passed
Then result according to  search should be visible..........................passed
]]></system-out>
</testcase>
<testcase classname="To test the flight functionality to book flight ticket" name="To validate invalid search functionality" time="22.935">
<system-out><![CDATA[
Given User is on homepage...................................................passed
When User enter the invalid input in searchbar..............................passed
Then error message should be displayed......................................passed
]]></system-out>
</testcase>
<testcase classname="To test the flight functionality to book flight ticket" name="To validate homeStayVilla option" time="24.364">
<system-out><![CDATA[
Given User is on homepage...................................................passed
When User enter all the value...............................................passed
And get on landing page.....................................................passed
And click on homestayVilla option...........................................passed
Then homepage should appear.................................................passed
]]></system-out>
</testcase>
</testsuite>
